#-----------------------------------------------------------
# Webtalk v2018.2 (64-bit)
# SW Build 2258646 on Thu Jun 14 20:03:12 MDT 2018
# 
# Start of session at: Sat Apr 11 15:34:05 2020
# Process ID: 17488
# Current directory: D:/UTK_Project/Daimler_Project/XCP/XCP.sdk/webtalk
# Command line: wbtcv.exe -mode batch -source sdk_webtalk.tcl
# Log file: D:/UTK_Project/Daimler_Project/XCP/XCP.sdk/webtalk/webtalk.log
# Journal file: D:/UTK_Project/Daimler_Project/XCP/XCP.sdk/webtalk\webtalk.jou
#-----------------------------------------------------------
source sdk_webtalk.tcl
# webtalk_init -webtalk_dir D:\\UTK_Project\\Daimler_Project\\XCP\\XCP.sdk\\webtalk
# webtalk_register_client -client project
# webtalk_add_data -client project -key date_generated -value "2020-04-11 15:34:03" -context "software_version_and_target_device"
# webtalk_add_data -client project -key product_version -value "SDK v2018.2" -context "software_version_and_target_device"
# webtalk_add_data -client project -key build_version -value "2018.2" -context "software_version_and_target_device"
# webtalk_add_data -client project -key os_platform -value "amd64" -context "software_version_and_target_device"
# webtalk_add_data -client project -key registration_id -value "" -context "software_version_and_target_device"
# webtalk_add_data -client project -key tool_flow -value "SDK" -context "software_version_and_target_device"
# webtalk_add_data -client project -key beta -value "false" -context "software_version_and_target_device"
# webtalk_add_data -client project -key route_design -value "NA" -context "software_version_and_target_device"
# webtalk_add_data -client project -key target_family -value "NA" -context "software_version_and_target_device"
# webtalk_add_data -client project -key target_device -value "NA" -context "software_version_and_target_device"
# webtalk_add_data -client project -key target_package -value "NA" -context "software_version_and_target_device"
# webtalk_add_data -client project -key target_speed -value "NA" -context "software_version_and_target_device"
# webtalk_add_data -client project -key random_id -value "6oa2fm9ag792aekfjh8aq6f4pn" -context "software_version_and_target_device"
# webtalk_add_data -client project -key project_id -value "2018.2_23" -context "software_version_and_target_device"
# webtalk_add_data -client project -key project_iteration -value "23" -context "software_version_and_target_device"
# webtalk_add_data -client project -key os_name -value "Microsoft Windows 8 or later , 64-bit" -context "user_environment"
# webtalk_add_data -client project -key os_release -value "major release  (build 9200)" -context "user_environment"
# webtalk_add_data -client project -key cpu_name -value "Intel(R) Core(TM) i5-7440HQ CPU @ 2.80GHz" -context "user_environment"
# webtalk_add_data -client project -key cpu_speed -value "2808 MHz" -context "user_environment"
# webtalk_add_data -client project -key total_processors -value "1" -context "user_environment"
# webtalk_add_data -client project -key system_ram -value "16.992 GB" -context "user_environment"
# webtalk_register_client -client sdk
# webtalk_add_data -client sdk -key uid -value "1586564120303" -context "sdk\\\\bsp/1586564120303"
# webtalk_add_data -client sdk -key hwid -value "1586096762409" -context "sdk\\\\bsp/1586564120303"
# webtalk_add_data -client sdk -key os -value "standalone" -context "sdk\\\\bsp/1586564120303"
# webtalk_add_data -client sdk -key apptemplate -value "lwip_echo_server" -context "sdk\\\\bsp/1586564120303"
# webtalk_add_data -client sdk -key RecordType -value "BSPCreation" -context "sdk\\\\bsp/1586564120303"
# webtalk_add_data -client sdk -key uid -value "1586564123473" -context "sdk\\\\application/1586564123473"
# webtalk_add_data -client sdk -key hwid -value "1586096762409" -context "sdk\\\\application/1586564123473"
# webtalk_add_data -client sdk -key bspid -value "1586564120303" -context "sdk\\\\application/1586564123473"
# webtalk_add_data -client sdk -key newbsp -value "true" -context "sdk\\\\application/1586564123473"
# webtalk_add_data -client sdk -key os -value "standalone" -context "sdk\\\\application/1586564123473"
# webtalk_add_data -client sdk -key apptemplate -value "lwip_echo_server" -context "sdk\\\\application/1586564123473"
# webtalk_add_data -client sdk -key RecordType -value "APPCreation" -context "sdk\\\\application/1586564123473"
# webtalk_add_data -client sdk -key LangUsed -value "C" -context "sdk\\\\application/1586564123473"
# webtalk_add_data -client sdk -key Procused -value "ps7_cortexa9" -context "sdk\\\\application/1586564123473"
# webtalk_add_data -client sdk -key uid -value "1586564210125" -context "sdk\\\\application/1586564210125"
# webtalk_add_data -client sdk -key hwid -value "1586096762409" -context "sdk\\\\application/1586564210125"
# webtalk_add_data -client sdk -key bspid -value "1586450648187" -context "sdk\\\\application/1586564210125"
# webtalk_add_data -client sdk -key newbsp -value "false" -context "sdk\\\\application/1586564210125"
# webtalk_add_data -client sdk -key os -value "freertos10_xilinx" -context "sdk\\\\application/1586564210125"
# webtalk_add_data -client sdk -key apptemplate -value "freertos_lwip_echo_server" -context "sdk\\\\application/1586564210125"
# webtalk_add_data -client sdk -key RecordType -value "APPCreation" -context "sdk\\\\application/1586564210125"
# webtalk_add_data -client sdk -key LangUsed -value "C" -context "sdk\\\\application/1586564210125"
# webtalk_add_data -client sdk -key Procused -value "ps7_cortexa9" -context "sdk\\\\application/1586564210125"
# webtalk_add_data -client sdk -key projSize -value "1488.2265625" -context "sdk\\\\application/1586564210125"
# webtalk_add_data -client sdk -key uid -value "1586564240972" -context "sdk\\\\application/1586564240972"
# webtalk_add_data -client sdk -key hwid -value "1586096762409" -context "sdk\\\\application/1586564240972"
# webtalk_add_data -client sdk -key bspid -value "1586450648187" -context "sdk\\\\application/1586564240972"
# webtalk_add_data -client sdk -key newbsp -value "false" -context "sdk\\\\application/1586564240972"
# webtalk_add_data -client sdk -key os -value "freertos10_xilinx" -context "sdk\\\\application/1586564240972"
# webtalk_add_data -client sdk -key apptemplate -value "empty_application" -context "sdk\\\\application/1586564240972"
# webtalk_add_data -client sdk -key RecordType -value "APPCreation" -context "sdk\\\\application/1586564240972"
# webtalk_add_data -client sdk -key LangUsed -value "C" -context "sdk\\\\application/1586564240972"
# webtalk_add_data -client sdk -key Procused -value "ps7_cortexa9" -context "sdk\\\\application/1586564240972"
# webtalk_add_data -client sdk -key projSize -value "1592.5546875" -context "sdk\\\\application/1586564240972"
# webtalk_add_data -client sdk -key uid -value "1586615398605" -context "sdk\\\\bsp/1586615398605"
# webtalk_add_data -client sdk -key hwid -value "1586096762409" -context "sdk\\\\bsp/1586615398605"
# webtalk_add_data -client sdk -key os -value "freertos10_xilinx" -context "sdk\\\\bsp/1586615398605"
# webtalk_add_data -client sdk -key apptemplate -value "null" -context "sdk\\\\bsp/1586615398605"
# webtalk_add_data -client sdk -key RecordType -value "BSPCreation" -context "sdk\\\\bsp/1586615398605"
# webtalk_add_data -client sdk -key uid -value "NA" -context "sdk\\\\bsp/1586633643143"
# webtalk_add_data -client sdk -key RecordType -value "ToolUsage" -context "sdk\\\\bsp/1586633643143"
# webtalk_add_data -client sdk -key BootgenCount -value "0" -context "sdk\\\\bsp/1586633643143"
# webtalk_add_data -client sdk -key DebugCount -value "0" -context "sdk\\\\bsp/1586633643143"
# webtalk_add_data -client sdk -key PerfCount -value "0" -context "sdk\\\\bsp/1586633643143"
# webtalk_add_data -client sdk -key FlashCount -value "0" -context "sdk\\\\bsp/1586633643143"
# webtalk_add_data -client sdk -key CrossTriggCount -value "0" -context "sdk\\\\bsp/1586633643143"
# webtalk_add_data -client sdk -key QemuDebugCount -value "0" -context "sdk\\\\bsp/1586633643143"
# webtalk_transmit -clientid 703354649 -regid "" -xml D:\\UTK_Project\\Daimler_Project\\XCP\\XCP.sdk\\webtalk\\usage_statistics_ext_sdk.xml -html D:\\UTK_Project\\Daimler_Project\\XCP\\XCP.sdk\\webtalk\\usage_statistics_ext_sdk.html -wdm D:\\UTK_Project\\Daimler_Project\\XCP\\XCP.sdk\\webtalk\\sdk_webtalk.wdm -intro "<H3>SDK Usage Report</H3><BR>"
# webtalk_terminate
INFO: [Common 17-206] Exiting Webtalk at Sat Apr 11 15:34:07 2020...
