16:10:16 INFO  : Registering command handlers for SDK TCF services
16:10:17 INFO  : Launching XSCT server: xsct.bat -interactive C:\Users\xzhan134\Documents\GitHub\XCP-on-Ethernet-with-CANape\XCPonEthernet\XCPonEthernet.sdk\temp_xsdb_launch_script.tcl
16:10:20 INFO  : XSCT server has started successfully.
16:10:21 INFO  : Successfully done setting XSCT server connection channel  
16:10:21 INFO  : Processing command line option -hwspec C:/Users/xzhan134/Documents/GitHub/XCP-on-Ethernet-with-CANape/XCPonEthernet/XCPonEthernet.sdk/design_1_wrapper.hdf.
16:10:21 INFO  : Successfully done setting SDK workspace  
16:21:14 INFO  : Launching XSCT server: xsct.bat -interactive C:\Users\xzhan134\Documents\GitHub\XCP-on-Ethernet-with-CANape\XCPonEthernet\XCPonEthernet.sdk\temp_xsdb_launch_script.tcl
16:21:16 INFO  : XSCT server has started successfully.
16:21:16 INFO  : Successfully done setting XSCT server connection channel  
16:21:16 INFO  : Successfully done setting SDK workspace  
16:21:17 INFO  : Registering command handlers for SDK TCF services
16:21:17 INFO  : Processing command line option -hwspec C:/Users/xzhan134/Documents/GitHub/XCP-on-Ethernet-with-CANape/XCPonEthernet/XCPonEthernet.sdk/design_1_wrapper.hdf.
16:21:17 INFO  : Checking for hwspec changes in the project design_1_wrapper_hw_platform_0.
16:27:21 INFO  : Refreshed build settings on project xcp_standalone
16:30:05 INFO  : No changes in MSS file content so not generating sources.
13:51:15 INFO  : Registering command handlers for SDK TCF services
13:51:16 INFO  : Launching XSCT server: xsct.bat -interactive C:\Users\xzhan134\Documents\GitHub\XCP-on-Ethernet-with-CANape\XCPonEthernet\XCPonEthernet.sdk\temp_xsdb_launch_script.tcl
13:51:18 INFO  : XSCT server has started successfully.
13:51:18 INFO  : Successfully done setting XSCT server connection channel  
13:51:18 INFO  : Successfully done setting SDK workspace  
13:51:18 INFO  : Processing command line option -hwspec C:/Users/xzhan134/Documents/GitHub/XCP-on-Ethernet-with-CANape/XCPonEthernet/XCPonEthernet.sdk/design_1_wrapper.hdf.
13:51:18 INFO  : Checking for hwspec changes in the project design_1_wrapper_hw_platform_0.
14:09:36 INFO  : No changes in MSS file content so not generating sources.
14:13:38 INFO  : Registering command handlers for SDK TCF services
14:13:39 INFO  : Launching XSCT server: xsct.bat -interactive C:\Users\xzhan134\Documents\GitHub\XCP-on-Ethernet-with-CANape\XCPonEthernet\XCPonEthernet.sdk\temp_xsdb_launch_script.tcl
14:13:41 INFO  : XSCT server has started successfully.
14:13:41 INFO  : Successfully done setting XSCT server connection channel  
14:13:41 INFO  : Successfully done setting SDK workspace  
14:13:41 INFO  : Processing command line option -hwspec C:/Users/xzhan134/Documents/GitHub/XCP-on-Ethernet-with-CANape/XCPonEthernet/XCPonEthernet.sdk/design_1_wrapper.hdf.
14:13:41 INFO  : Checking for hwspec changes in the project design_1_wrapper_hw_platform_0.
14:34:01 INFO  : 'targets -set -filter {jtag_cable_name =~ "Digilent Zed 210248AC8873" && level==0} -index 1' command is executed.
14:34:01 INFO  : 'fpga -state' command is executed.
14:34:04 INFO  : Connected to target on host '127.0.0.1' and port '3121'.
14:34:04 INFO  : Jtag cable 'Digilent Zed 210248AC8873' is selected.
14:34:04 INFO  : 'jtag frequency' command is executed.
14:34:04 INFO  : Sourcing of 'C:/Users/xzhan134/Documents/GitHub/XCP-on-Ethernet-with-CANape/XCPonEthernet/XCPonEthernet.sdk/design_1_wrapper_hw_platform_0/ps7_init.tcl' is done.
14:34:04 INFO  : Context for 'APU' is selected.
14:34:04 INFO  : Hardware design information is loaded from 'C:/Users/xzhan134/Documents/GitHub/XCP-on-Ethernet-with-CANape/XCPonEthernet/XCPonEthernet.sdk/design_1_wrapper_hw_platform_0/system.hdf'.
14:34:04 INFO  : 'configparams force-mem-access 1' command is executed.
14:34:04 INFO  : Context for 'APU' is selected.
14:34:04 INFO  : 'stop' command is executed.
14:34:04 INFO  : 'ps7_init' command is executed.
14:34:04 INFO  : 'ps7_post_config' command is executed.
14:34:04 INFO  : 'configparams force-mem-access 0' command is executed.
14:34:04 INFO  : ----------------XSDB Script----------------
connect -url tcp:127.0.0.1:3121
source C:/Users/xzhan134/Documents/GitHub/XCP-on-Ethernet-with-CANape/XCPonEthernet/XCPonEthernet.sdk/design_1_wrapper_hw_platform_0/ps7_init.tcl
targets -set -nocase -filter {name =~"APU*" && jtag_cable_name =~ "Digilent Zed 210248AC8873"} -index 0
loadhw -hw C:/Users/xzhan134/Documents/GitHub/XCP-on-Ethernet-with-CANape/XCPonEthernet/XCPonEthernet.sdk/design_1_wrapper_hw_platform_0/system.hdf -mem-ranges [list {0x40000000 0xbfffffff}]
configparams force-mem-access 1
targets -set -nocase -filter {name =~"APU*" && jtag_cable_name =~ "Digilent Zed 210248AC8873"} -index 0
stop
ps7_init
ps7_post_config
configparams force-mem-access 0
----------------End of Script----------------

14:34:04 INFO  : Disconnected from the channel tcfchan#1.
14:38:19 INFO  : Refreshed build settings on project xcp_standalone
14:38:56 INFO  : Refreshed build settings on project xcp_standalone
14:45:48 INFO  : 'targets -set -filter {jtag_cable_name =~ "Digilent Zed 210248AC8873" && level==0} -index 1' command is executed.
14:45:48 INFO  : 'fpga -state' command is executed.
14:45:48 INFO  : Connected to target on host '127.0.0.1' and port '3121'.
14:45:49 INFO  : Jtag cable 'Digilent Zed 210248AC8873' is selected.
14:45:49 INFO  : 'jtag frequency' command is executed.
14:45:49 INFO  : Sourcing of 'C:/Users/xzhan134/Documents/GitHub/XCP-on-Ethernet-with-CANape/XCPonEthernet/XCPonEthernet.sdk/design_1_wrapper_hw_platform_0/ps7_init.tcl' is done.
14:45:49 INFO  : Context for 'APU' is selected.
14:45:49 INFO  : Hardware design information is loaded from 'C:/Users/xzhan134/Documents/GitHub/XCP-on-Ethernet-with-CANape/XCPonEthernet/XCPonEthernet.sdk/design_1_wrapper_hw_platform_0/system.hdf'.
14:45:49 INFO  : 'configparams force-mem-access 1' command is executed.
14:45:49 INFO  : Context for 'APU' is selected.
14:45:49 INFO  : 'stop' command is executed.
14:45:49 INFO  : 'ps7_init' command is executed.
14:45:49 INFO  : 'ps7_post_config' command is executed.
14:45:49 INFO  : Context for processor 'ps7_cortexa9_0' is selected.
14:45:49 INFO  : Processor reset is completed for 'ps7_cortexa9_0'.
14:45:49 INFO  : Context for processor 'ps7_cortexa9_0' is selected.
14:45:49 INFO  : The application 'C:/Users/xzhan134/Documents/GitHub/XCP-on-Ethernet-with-CANape/XCPonEthernet/XCPonEthernet.sdk/xcp_standalone/Debug/xcp_standalone.elf' is downloaded to processor 'ps7_cortexa9_0'.
14:45:49 INFO  : 'configparams force-mem-access 0' command is executed.
14:45:49 INFO  : ----------------XSDB Script----------------
connect -url tcp:127.0.0.1:3121
source C:/Users/xzhan134/Documents/GitHub/XCP-on-Ethernet-with-CANape/XCPonEthernet/XCPonEthernet.sdk/design_1_wrapper_hw_platform_0/ps7_init.tcl
targets -set -nocase -filter {name =~"APU*" && jtag_cable_name =~ "Digilent Zed 210248AC8873"} -index 0
loadhw -hw C:/Users/xzhan134/Documents/GitHub/XCP-on-Ethernet-with-CANape/XCPonEthernet/XCPonEthernet.sdk/design_1_wrapper_hw_platform_0/system.hdf -mem-ranges [list {0x40000000 0xbfffffff}]
configparams force-mem-access 1
targets -set -nocase -filter {name =~"APU*" && jtag_cable_name =~ "Digilent Zed 210248AC8873"} -index 0
stop
ps7_init
ps7_post_config
targets -set -nocase -filter {name =~ "ARM*#0" && jtag_cable_name =~ "Digilent Zed 210248AC8873"} -index 0
rst -processor
targets -set -nocase -filter {name =~ "ARM*#0" && jtag_cable_name =~ "Digilent Zed 210248AC8873"} -index 0
dow C:/Users/xzhan134/Documents/GitHub/XCP-on-Ethernet-with-CANape/XCPonEthernet/XCPonEthernet.sdk/xcp_standalone/Debug/xcp_standalone.elf
configparams force-mem-access 0
----------------End of Script----------------

14:45:49 INFO  : Context for processor 'ps7_cortexa9_0' is selected.
14:45:49 INFO  : 'con' command is executed.
14:45:49 INFO  : ----------------XSDB Script (After Launch)----------------
targets -set -nocase -filter {name =~ "ARM*#0" && jtag_cable_name =~ "Digilent Zed 210248AC8873"} -index 0
con
----------------End of Script----------------

14:45:49 INFO  : Disconnected from the channel tcfchan#2.
15:11:29 INFO  : 'targets -set -filter {jtag_cable_name =~ "Digilent Zed 210248AC8873" && level==0} -index 1' command is executed.
15:11:29 INFO  : 'fpga -state' command is executed.
15:11:29 INFO  : Connected to target on host '127.0.0.1' and port '3121'.
15:11:29 INFO  : Jtag cable 'Digilent Zed 210248AC8873' is selected.
15:11:29 INFO  : 'jtag frequency' command is executed.
15:11:29 INFO  : Sourcing of 'C:/Users/xzhan134/Documents/GitHub/XCP-on-Ethernet-with-CANape/XCPonEthernet/XCPonEthernet.sdk/design_1_wrapper_hw_platform_0/ps7_init.tcl' is done.
15:11:29 INFO  : Context for 'APU' is selected.
15:11:31 INFO  : Hardware design information is loaded from 'C:/Users/xzhan134/Documents/GitHub/XCP-on-Ethernet-with-CANape/XCPonEthernet/XCPonEthernet.sdk/design_1_wrapper_hw_platform_0/system.hdf'.
15:11:31 INFO  : 'configparams force-mem-access 1' command is executed.
15:11:31 INFO  : Context for 'APU' is selected.
15:11:31 INFO  : 'stop' command is executed.
15:11:31 INFO  : 'ps7_init' command is executed.
15:11:31 INFO  : 'ps7_post_config' command is executed.
15:11:31 INFO  : Context for processor 'ps7_cortexa9_0' is selected.
15:11:31 INFO  : Processor reset is completed for 'ps7_cortexa9_0'.
15:11:31 INFO  : Context for processor 'ps7_cortexa9_0' is selected.
15:11:32 INFO  : The application 'C:/Users/xzhan134/Documents/GitHub/XCP-on-Ethernet-with-CANape/XCPonEthernet/XCPonEthernet.sdk/xcp_standalone/Debug/xcp_standalone.elf' is downloaded to processor 'ps7_cortexa9_0'.
15:11:32 INFO  : 'configparams force-mem-access 0' command is executed.
15:11:32 INFO  : ----------------XSDB Script----------------
connect -url tcp:127.0.0.1:3121
source C:/Users/xzhan134/Documents/GitHub/XCP-on-Ethernet-with-CANape/XCPonEthernet/XCPonEthernet.sdk/design_1_wrapper_hw_platform_0/ps7_init.tcl
targets -set -nocase -filter {name =~"APU*" && jtag_cable_name =~ "Digilent Zed 210248AC8873"} -index 0
loadhw -hw C:/Users/xzhan134/Documents/GitHub/XCP-on-Ethernet-with-CANape/XCPonEthernet/XCPonEthernet.sdk/design_1_wrapper_hw_platform_0/system.hdf -mem-ranges [list {0x40000000 0xbfffffff}]
configparams force-mem-access 1
targets -set -nocase -filter {name =~"APU*" && jtag_cable_name =~ "Digilent Zed 210248AC8873"} -index 0
stop
ps7_init
ps7_post_config
targets -set -nocase -filter {name =~ "ARM*#0" && jtag_cable_name =~ "Digilent Zed 210248AC8873"} -index 0
rst -processor
targets -set -nocase -filter {name =~ "ARM*#0" && jtag_cable_name =~ "Digilent Zed 210248AC8873"} -index 0
dow C:/Users/xzhan134/Documents/GitHub/XCP-on-Ethernet-with-CANape/XCPonEthernet/XCPonEthernet.sdk/xcp_standalone/Debug/xcp_standalone.elf
configparams force-mem-access 0
----------------End of Script----------------

15:11:32 INFO  : Context for processor 'ps7_cortexa9_0' is selected.
15:11:32 INFO  : 'con' command is executed.
15:11:32 INFO  : ----------------XSDB Script (After Launch)----------------
targets -set -nocase -filter {name =~ "ARM*#0" && jtag_cable_name =~ "Digilent Zed 210248AC8873"} -index 0
con
----------------End of Script----------------

15:11:32 INFO  : Disconnected from the channel tcfchan#3.
15:13:20 INFO  : 'targets -set -filter {jtag_cable_name =~ "Digilent Zed 210248AC8873" && level==0} -index 1' command is executed.
15:13:20 INFO  : 'fpga -state' command is executed.
15:13:20 INFO  : Connected to target on host '127.0.0.1' and port '3121'.
15:13:20 INFO  : Jtag cable 'Digilent Zed 210248AC8873' is selected.
15:13:20 INFO  : 'jtag frequency' command is executed.
15:13:20 INFO  : Sourcing of 'C:/Users/xzhan134/Documents/GitHub/XCP-on-Ethernet-with-CANape/XCPonEthernet/XCPonEthernet.sdk/design_1_wrapper_hw_platform_0/ps7_init.tcl' is done.
15:13:20 INFO  : Context for 'APU' is selected.
15:13:22 INFO  : Hardware design information is loaded from 'C:/Users/xzhan134/Documents/GitHub/XCP-on-Ethernet-with-CANape/XCPonEthernet/XCPonEthernet.sdk/design_1_wrapper_hw_platform_0/system.hdf'.
15:13:22 INFO  : 'configparams force-mem-access 1' command is executed.
15:13:22 INFO  : Context for 'APU' is selected.
15:13:22 INFO  : 'stop' command is executed.
15:13:22 INFO  : 'ps7_init' command is executed.
15:13:22 INFO  : 'ps7_post_config' command is executed.
15:13:22 INFO  : Context for processor 'ps7_cortexa9_0' is selected.
15:13:22 INFO  : Processor reset is completed for 'ps7_cortexa9_0'.
15:13:22 INFO  : Context for processor 'ps7_cortexa9_0' is selected.
15:13:23 INFO  : The application 'C:/Users/xzhan134/Documents/GitHub/XCP-on-Ethernet-with-CANape/XCPonEthernet/XCPonEthernet.sdk/xcp_standalone/Debug/xcp_standalone.elf' is downloaded to processor 'ps7_cortexa9_0'.
15:13:23 INFO  : 'configparams force-mem-access 0' command is executed.
15:13:23 INFO  : ----------------XSDB Script----------------
connect -url tcp:127.0.0.1:3121
source C:/Users/xzhan134/Documents/GitHub/XCP-on-Ethernet-with-CANape/XCPonEthernet/XCPonEthernet.sdk/design_1_wrapper_hw_platform_0/ps7_init.tcl
targets -set -nocase -filter {name =~"APU*" && jtag_cable_name =~ "Digilent Zed 210248AC8873"} -index 0
loadhw -hw C:/Users/xzhan134/Documents/GitHub/XCP-on-Ethernet-with-CANape/XCPonEthernet/XCPonEthernet.sdk/design_1_wrapper_hw_platform_0/system.hdf -mem-ranges [list {0x40000000 0xbfffffff}]
configparams force-mem-access 1
targets -set -nocase -filter {name =~"APU*" && jtag_cable_name =~ "Digilent Zed 210248AC8873"} -index 0
stop
ps7_init
ps7_post_config
targets -set -nocase -filter {name =~ "ARM*#0" && jtag_cable_name =~ "Digilent Zed 210248AC8873"} -index 0
rst -processor
targets -set -nocase -filter {name =~ "ARM*#0" && jtag_cable_name =~ "Digilent Zed 210248AC8873"} -index 0
dow C:/Users/xzhan134/Documents/GitHub/XCP-on-Ethernet-with-CANape/XCPonEthernet/XCPonEthernet.sdk/xcp_standalone/Debug/xcp_standalone.elf
configparams force-mem-access 0
----------------End of Script----------------

15:13:23 INFO  : Context for processor 'ps7_cortexa9_0' is selected.
15:13:23 INFO  : 'con' command is executed.
15:13:23 INFO  : ----------------XSDB Script (After Launch)----------------
targets -set -nocase -filter {name =~ "ARM*#0" && jtag_cable_name =~ "Digilent Zed 210248AC8873"} -index 0
con
----------------End of Script----------------

15:13:23 INFO  : Disconnected from the channel tcfchan#4.
